<?xml version="1.0" encoding="UTF-8"?>
<coverage generated="1738496329474" clover="3.2.0">
  <project timestamp="1738496329474" name="All files">
    <metrics statements="150" coveredstatements="89" conditionals="46" coveredconditionals="24" methods="59" coveredmethods="35" elements="255" coveredelements="148" complexity="0" loc="150" ncloc="150" packages="3" files="6" classes="6"/>
    <package name="src">
      <metrics statements="14" coveredstatements="0" conditionals="2" coveredconditionals="0" methods="12" coveredmethods="0"/>
      <file name="App.tsx" path="/home/alex/code/ratogram/src/App.tsx">
        <metrics statements="13" coveredstatements="0" conditionals="2" coveredconditionals="0" methods="12" coveredmethods="0"/>
        <line num="6" count="0" type="stmt"/>
        <line num="8" count="0" type="stmt"/>
        <line num="9" count="0" type="stmt"/>
        <line num="13" count="0" type="stmt"/>
        <line num="14" count="0" type="stmt"/>
        <line num="16" count="0" type="stmt"/>
        <line num="18" count="0" type="stmt"/>
        <line num="21" count="0" type="stmt"/>
        <line num="26" count="0" type="stmt"/>
        <line num="28" count="0" type="stmt"/>
        <line num="35" count="0" type="stmt"/>
        <line num="37" count="0" type="stmt"/>
        <line num="39" count="0" type="stmt"/>
      </file>
      <file name="main.tsx" path="/home/alex/code/ratogram/src/main.tsx">
        <metrics statements="1" coveredstatements="0" conditionals="0" coveredconditionals="0" methods="0" coveredmethods="0"/>
        <line num="6" count="0" type="stmt"/>
      </file>
    </package>
    <package name="src.data">
      <metrics statements="13" coveredstatements="0" conditionals="0" coveredconditionals="0" methods="0" coveredmethods="0"/>
      <file name="default.ts" path="/home/alex/code/ratogram/src/data/default.ts">
        <metrics statements="13" coveredstatements="0" conditionals="0" coveredconditionals="0" methods="0" coveredmethods="0"/>
        <line num="3" count="0" type="stmt"/>
        <line num="5" count="0" type="stmt"/>
        <line num="7" count="0" type="stmt"/>
        <line num="9" count="0" type="stmt"/>
        <line num="11" count="0" type="stmt"/>
        <line num="13" count="0" type="stmt"/>
        <line num="15" count="0" type="stmt"/>
        <line num="17" count="0" type="stmt"/>
        <line num="19" count="0" type="stmt"/>
        <line num="21" count="0" type="stmt"/>
        <line num="23" count="0" type="stmt"/>
        <line num="25" count="0" type="stmt"/>
        <line num="27" count="0" type="stmt"/>
      </file>
    </package>
    <package name="src.data.gram">
      <metrics statements="123" coveredstatements="89" conditionals="44" coveredconditionals="24" methods="47" coveredmethods="35"/>
      <file name="array-gram.ts" path="/home/alex/code/ratogram/src/data/gram/array-gram.ts">
        <metrics statements="101" coveredstatements="89" conditionals="36" coveredconditionals="24" methods="35" coveredmethods="35"/>
        <line num="23" count="175" type="cond" truecount="1" falsecount="1"/>
        <line num="24" count="0" type="stmt"/>
        <line num="30" count="175" type="stmt"/>
        <line num="32" count="175" type="cond" truecount="2" falsecount="1"/>
        <line num="34" count="47" type="stmt"/>
        <line num="36" count="128" type="stmt"/>
        <line num="38" count="0" type="stmt"/>
        <line num="51" count="25" type="cond" truecount="2" falsecount="0"/>
        <line num="53" count="5" type="stmt"/>
        <line num="55" count="20" type="stmt"/>
        <line num="72" count="18" type="cond" truecount="2" falsecount="0"/>
        <line num="74" count="10" type="stmt"/>
        <line num="76" count="8" type="stmt"/>
        <line num="87" count="18" type="stmt"/>
        <line num="88" count="18" type="cond" truecount="1" falsecount="1"/>
        <line num="89" count="0" type="stmt"/>
        <line num="95" count="18" type="cond" truecount="2" falsecount="1"/>
        <line num="97" count="8" type="stmt"/>
        <line num="98" count="8" type="stmt"/>
        <line num="100" count="10" type="stmt"/>
        <line num="101" count="10" type="stmt"/>
        <line num="103" count="0" type="stmt"/>
        <line num="108" count="18" type="stmt"/>
        <line num="109" count="18" type="cond" truecount="1" falsecount="1"/>
        <line num="110" count="0" type="stmt"/>
        <line num="115" count="18" type="stmt"/>
        <line num="119" count="26" type="stmt"/>
        <line num="120" count="26" type="stmt"/>
        <line num="122" count="26" type="stmt"/>
        <line num="124" count="26" type="stmt"/>
        <line num="125" count="118" type="cond" truecount="2" falsecount="0"/>
        <line num="127" count="26" type="stmt"/>
        <line num="128" count="26" type="stmt"/>
        <line num="129" count="92" type="cond" truecount="2" falsecount="0"/>
        <line num="131" count="22" type="stmt"/>
        <line num="132" count="22" type="stmt"/>
        <line num="133" count="22" type="stmt"/>
        <line num="135" count="70" type="stmt"/>
        <line num="138" count="26" type="cond" truecount="1" falsecount="1"/>
        <line num="139" count="26" type="stmt"/>
        <line num="141" count="0" type="stmt"/>
        <line num="162" count="12" type="stmt"/>
        <line num="163" count="12" type="stmt"/>
        <line num="164" count="12" type="stmt"/>
        <line num="179" count="12" type="cond" truecount="1" falsecount="1"/>
        <line num="180" count="0" type="stmt"/>
        <line num="181" count="0" type="stmt"/>
        <line num="183" count="12" type="stmt"/>
        <line num="186" count="12" type="stmt"/>
        <line num="187" count="54" type="cond" truecount="1" falsecount="1"/>
        <line num="188" count="0" type="stmt"/>
        <line num="202" count="2" type="stmt"/>
        <line num="204" count="2" type="stmt"/>
        <line num="205" count="18" type="stmt"/>
        <line num="211" count="2" type="stmt"/>
        <line num="233" count="7" type="stmt"/>
        <line num="237" count="35" type="stmt"/>
        <line num="240" count="175" type="stmt"/>
        <line num="242" count="7" type="stmt"/>
        <line num="258" count="1" type="stmt"/>
        <line num="259" count="25" type="stmt"/>
        <line num="289" count="2" type="stmt"/>
        <line num="290" count="18" type="stmt"/>
        <line num="293" count="2" type="stmt"/>
        <line num="306" count="2" type="stmt"/>
        <line num="308" count="2" type="cond" truecount="1" falsecount="1"/>
        <line num="309" count="0" type="stmt"/>
        <line num="316" count="10" type="stmt"/>
        <line num="317" count="10" type="stmt"/>
        <line num="319" count="10" type="stmt"/>
        <line num="321" count="10" type="stmt"/>
        <line num="322" count="10" type="stmt"/>
        <line num="323" count="18" type="stmt"/>
        <line num="324" count="18" type="stmt"/>
        <line num="325" count="18" type="stmt"/>
        <line num="326" count="18" type="stmt"/>
        <line num="327" count="50" type="stmt"/>
        <line num="328" count="50" type="cond" truecount="4" falsecount="0"/>
        <line num="329" count="40" type="stmt"/>
        <line num="330" count="40" type="stmt"/>
        <line num="332" count="10" type="stmt"/>
        <line num="333" count="10" type="stmt"/>
        <line num="336" count="8" type="stmt"/>
        <line num="337" count="8" type="stmt"/>
        <line num="339" count="0" type="cond" truecount="0" falsecount="2"/>
        <line num="340" count="0" type="stmt"/>
        <line num="346" count="2" type="stmt"/>
        <line num="349" count="12" type="stmt"/>
        <line num="350" count="10" type="stmt"/>
        <line num="352" count="2" type="stmt"/>
        <line num="360" count="12" type="stmt"/>
        <line num="368" count="2" type="stmt"/>
        <line num="369" count="10" type="stmt"/>
        <line num="370" count="50" type="stmt"/>
        <line num="380" count="21" type="stmt"/>
        <line num="388" count="5" type="stmt"/>
        <line num="396" count="1" type="stmt"/>
        <line num="398" count="9" type="stmt"/>
        <line num="399" count="1" type="stmt"/>
        <line num="401" count="1" type="cond" truecount="1" falsecount="1"/>
        <line num="403" count="1" type="stmt"/>
      </file>
      <file name="errors.ts" path="/home/alex/code/ratogram/src/data/gram/errors.ts">
        <metrics statements="6" coveredstatements="0" conditionals="0" coveredconditionals="0" methods="3" coveredmethods="0"/>
        <line num="3" count="0" type="stmt"/>
        <line num="4" count="0" type="stmt"/>
        <line num="10" count="0" type="stmt"/>
        <line num="11" count="0" type="stmt"/>
        <line num="17" count="0" type="stmt"/>
        <line num="18" count="0" type="stmt"/>
      </file>
      <file name="index.ts" path="/home/alex/code/ratogram/src/data/gram/index.ts">
        <metrics statements="16" coveredstatements="0" conditionals="8" coveredconditionals="0" methods="9" coveredmethods="0"/>
        <line num="12" count="0" type="stmt"/>
        <line num="16" count="0" type="cond" truecount="0" falsecount="2"/>
        <line num="17" count="0" type="stmt"/>
        <line num="21" count="0" type="cond" truecount="0" falsecount="2"/>
        <line num="22" count="0" type="stmt"/>
        <line num="29" count="0" type="stmt"/>
        <line num="38" count="0" type="stmt"/>
        <line num="39" count="0" type="stmt"/>
        <line num="42" count="0" type="stmt"/>
        <line num="43" count="0" type="stmt"/>
        <line num="45" count="0" type="stmt"/>
        <line num="48" count="0" type="cond" truecount="0" falsecount="2"/>
        <line num="50" count="0" type="stmt"/>
        <line num="53" count="0" type="cond" truecount="0" falsecount="2"/>
        <line num="57" count="0" type="stmt"/>
        <line num="58" count="0" type="stmt"/>
      </file>
    </package>
  </project>
</coverage>
