{"/home/alex/code/ratogram/src/App.tsx": {"path":"/home/alex/code/ratogram/src/App.tsx","statementMap":{"0":{"start":{"line":6,"column":26},"end":{"line":6,"column":null}},"1":{"start":{"line":8,"column":18},"end":{"line":11,"column":null}},"2":{"start":{"line":9,"column":10},"end":{"line":9,"column":null}},"3":{"start":{"line":9,"column":38},"end":{"line":9,"column":74}},"4":{"start":{"line":9,"column":54},"end":{"line":9,"column":73}},"5":{"start":{"line":13,"column":29},"end":{"line":19,"column":null}},"6":{"start":{"line":14,"column":20},"end":{"line":14,"column":null}},"7":{"start":{"line":16,"column":4},"end":{"line":16,"column":null}},"8":{"start":{"line":18,"column":4},"end":{"line":18,"column":null}},"9":{"start":{"line":21,"column":2},"end":{"line":52,"column":null}},"10":{"start":{"line":26,"column":12},"end":{"line":30,"column":null}},"11":{"start":{"line":26,"column":63},"end":{"line":26,"column":67}},"12":{"start":{"line":28,"column":16},"end":{"line":28,"column":null}},"13":{"start":{"line":35,"column":12},"end":{"line":48,"column":null}},"14":{"start":{"line":35,"column":63},"end":{"line":35,"column":67}},"15":{"start":{"line":37,"column":16},"end":{"line":46,"column":null}},"16":{"start":{"line":39,"column":20},"end":{"line":42,"column":null}}},"fnMap":{"0":{"name":"App","decl":{"start":{"line":5,"column":9},"end":{"line":5,"column":15}},"loc":{"start":{"line":5,"column":15},"end":{"line":54,"column":null}}},"1":{"name":"(anonymous_1)","decl":{"start":{"line":9,"column":4},"end":{"line":9,"column":10}},"loc":{"start":{"line":9,"column":10},"end":{"line":9,"column":null}}},"2":{"name":"(anonymous_2)","decl":{"start":{"line":9,"column":31},"end":{"line":9,"column":32}},"loc":{"start":{"line":9,"column":38},"end":{"line":9,"column":74}}},"3":{"name":"(anonymous_3)","decl":{"start":{"line":9,"column":47},"end":{"line":9,"column":48}},"loc":{"start":{"line":9,"column":54},"end":{"line":9,"column":73}}},"4":{"name":"(anonymous_4)","decl":{"start":{"line":13,"column":29},"end":{"line":13,"column":30}},"loc":{"start":{"line":13,"column":69},"end":{"line":19,"column":null}}},"5":{"name":"(anonymous_5)","decl":{"start":{"line":25,"column":23},"end":{"line":25,"column":24}},"loc":{"start":{"line":26,"column":12},"end":{"line":30,"column":null}}},"6":{"name":"(anonymous_6)","decl":{"start":{"line":26,"column":56},"end":{"line":26,"column":57}},"loc":{"start":{"line":26,"column":63},"end":{"line":26,"column":67}}},"7":{"name":"(anonymous_7)","decl":{"start":{"line":27,"column":21},"end":{"line":27,"column":22}},"loc":{"start":{"line":28,"column":16},"end":{"line":28,"column":null}}},"8":{"name":"(anonymous_8)","decl":{"start":{"line":34,"column":27},"end":{"line":34,"column":28}},"loc":{"start":{"line":35,"column":12},"end":{"line":48,"column":null}}},"9":{"name":"(anonymous_9)","decl":{"start":{"line":35,"column":56},"end":{"line":35,"column":57}},"loc":{"start":{"line":35,"column":63},"end":{"line":35,"column":67}}},"10":{"name":"(anonymous_10)","decl":{"start":{"line":36,"column":21},"end":{"line":36,"column":22}},"loc":{"start":{"line":37,"column":16},"end":{"line":46,"column":null}}},"11":{"name":"(anonymous_11)","decl":{"start":{"line":38,"column":27},"end":{"line":38,"column":null}},"loc":{"start":{"line":39,"column":20},"end":{"line":42,"column":null}}}},"branchMap":{"0":{"loc":{"start":{"line":44,"column":36},"end":{"line":44,"column":72}},"type":"cond-expr","locations":[{"start":{"line":44,"column":58},"end":{"line":44,"column":70}},{"start":{"line":44,"column":70},"end":{"line":44,"column":72}}]}},"s":{"0":0,"1":0,"2":0,"3":0,"4":0,"5":0,"6":0,"7":0,"8":0,"9":0,"10":0,"11":0,"12":0,"13":0,"14":0,"15":0,"16":0},"f":{"0":0,"1":0,"2":0,"3":0,"4":0,"5":0,"6":0,"7":0,"8":0,"9":0,"10":0,"11":0},"b":{"0":[0,0]}}
,"/home/alex/code/ratogram/src/main.tsx": {"path":"/home/alex/code/ratogram/src/main.tsx","statementMap":{"0":{"start":{"line":6,"column":0},"end":{"line":10,"column":null}}},"fnMap":{},"branchMap":{},"s":{"0":0},"f":{},"b":{}}
,"/home/alex/code/ratogram/src/data/default.ts": {"path":"/home/alex/code/ratogram/src/data/default.ts","statementMap":{"0":{"start":{"line":3,"column":19},"end":{"line":3,"column":null}},"1":{"start":{"line":5,"column":24},"end":{"line":5,"column":null}},"2":{"start":{"line":7,"column":19},"end":{"line":7,"column":null}},"3":{"start":{"line":9,"column":23},"end":{"line":9,"column":null}},"4":{"start":{"line":11,"column":21},"end":{"line":11,"column":null}},"5":{"start":{"line":13,"column":25},"end":{"line":13,"column":null}},"6":{"start":{"line":15,"column":21},"end":{"line":15,"column":null}},"7":{"start":{"line":17,"column":19},"end":{"line":17,"column":null}},"8":{"start":{"line":19,"column":19},"end":{"line":19,"column":null}},"9":{"start":{"line":21,"column":24},"end":{"line":21,"column":null}},"10":{"start":{"line":23,"column":20},"end":{"line":23,"column":null}},"11":{"start":{"line":25,"column":20},"end":{"line":25,"column":null}},"12":{"start":{"line":27,"column":33},"end":{"line":27,"column":null}}},"fnMap":{},"branchMap":{},"s":{"0":0,"1":0,"2":0,"3":0,"4":0,"5":0,"6":0,"7":0,"8":0,"9":0,"10":0,"11":0,"12":0},"f":{},"b":{}}
,"/home/alex/code/ratogram/src/data/gram/array-gram.ts": {"path":"/home/alex/code/ratogram/src/data/gram/array-gram.ts","statementMap":{"0":{"start":{"line":23,"column":2},"end":{"line":27,"column":null}},"1":{"start":{"line":24,"column":4},"end":{"line":26,"column":null}},"2":{"start":{"line":30,"column":20},"end":{"line":30,"column":null}},"3":{"start":{"line":32,"column":2},"end":{"line":41,"column":null}},"4":{"start":{"line":34,"column":6},"end":{"line":34,"column":null}},"5":{"start":{"line":36,"column":6},"end":{"line":36,"column":null}},"6":{"start":{"line":38,"column":6},"end":{"line":40,"column":null}},"7":{"start":{"line":51,"column":2},"end":{"line":56,"column":null}},"8":{"start":{"line":53,"column":6},"end":{"line":53,"column":null}},"9":{"start":{"line":55,"column":6},"end":{"line":55,"column":null}},"10":{"start":{"line":72,"column":2},"end":{"line":77,"column":null}},"11":{"start":{"line":74,"column":6},"end":{"line":74,"column":null}},"12":{"start":{"line":76,"column":6},"end":{"line":76,"column":null}},"13":{"start":{"line":87,"column":20},"end":{"line":87,"column":null}},"14":{"start":{"line":88,"column":2},"end":{"line":92,"column":null}},"15":{"start":{"line":89,"column":4},"end":{"line":91,"column":null}},"16":{"start":{"line":95,"column":2},"end":{"line":106,"column":null}},"17":{"start":{"line":97,"column":6},"end":{"line":97,"column":null}},"18":{"start":{"line":98,"column":6},"end":{"line":98,"column":null}},"19":{"start":{"line":100,"column":6},"end":{"line":100,"column":null}},"20":{"start":{"line":101,"column":6},"end":{"line":101,"column":null}},"21":{"start":{"line":103,"column":6},"end":{"line":105,"column":null}},"22":{"start":{"line":108,"column":17},"end":{"line":108,"column":null}},"23":{"start":{"line":109,"column":2},"end":{"line":113,"column":null}},"24":{"start":{"line":110,"column":4},"end":{"line":112,"column":null}},"25":{"start":{"line":115,"column":2},"end":{"line":115,"column":null}},"26":{"start":{"line":119,"column":12},"end":{"line":119,"column":null}},"27":{"start":{"line":120,"column":33},"end":{"line":120,"column":null}},"28":{"start":{"line":122,"column":24},"end":{"line":122,"column":null}},"29":{"start":{"line":124,"column":2},"end":{"line":137,"column":null}},"30":{"start":{"line":125,"column":4},"end":{"line":136,"column":null}},"31":{"start":{"line":127,"column":6},"end":{"line":127,"column":null}},"32":{"start":{"line":128,"column":6},"end":{"line":128,"column":null}},"33":{"start":{"line":129,"column":4},"end":{"line":136,"column":null}},"34":{"start":{"line":131,"column":6},"end":{"line":131,"column":null}},"35":{"start":{"line":132,"column":6},"end":{"line":132,"column":null}},"36":{"start":{"line":133,"column":6},"end":{"line":133,"column":null}},"37":{"start":{"line":135,"column":6},"end":{"line":135,"column":null}},"38":{"start":{"line":138,"column":2},"end":{"line":140,"column":null}},"39":{"start":{"line":139,"column":4},"end":{"line":139,"column":null}},"40":{"start":{"line":141,"column":2},"end":{"line":141,"column":null}},"41":{"start":{"line":162,"column":4},"end":{"line":162,"column":null}},"42":{"start":{"line":163,"column":4},"end":{"line":163,"column":null}},"43":{"start":{"line":164,"column":4},"end":{"line":164,"column":null}},"44":{"start":{"line":179,"column":4},"end":{"line":184,"column":null}},"45":{"start":{"line":180,"column":6},"end":{"line":180,"column":null}},"46":{"start":{"line":181,"column":6},"end":{"line":181,"column":null}},"47":{"start":{"line":183,"column":6},"end":{"line":183,"column":null}},"48":{"start":{"line":186,"column":4},"end":{"line":194,"column":null}},"49":{"start":{"line":187,"column":6},"end":{"line":193,"column":null}},"50":{"start":{"line":188,"column":8},"end":{"line":192,"column":null}},"51":{"start":{"line":204,"column":17},"end":{"line":204,"column":null}},"52":{"start":{"line":206,"column":18},"end":{"line":211,"column":null}},"53":{"start":{"line":207,"column":6},"end":{"line":210,"column":null}},"54":{"start":{"line":207,"column":23},"end":{"line":210,"column":8}},"55":{"start":{"line":213,"column":4},"end":{"line":213,"column":null}},"56":{"start":{"line":235,"column":18},"end":{"line":243,"column":null}},"57":{"start":{"line":239,"column":8},"end":{"line":242,"column":null}},"58":{"start":{"line":242,"column":25},"end":{"line":242,"column":63}},"59":{"start":{"line":244,"column":4},"end":{"line":244,"column":null}},"60":{"start":{"line":260,"column":4},"end":{"line":262,"column":null}},"61":{"start":{"line":261,"column":18},"end":{"line":261,"column":56}},"62":{"start":{"line":261,"column":31},"end":{"line":261,"column":46}},"63":{"start":{"line":291,"column":17},"end":{"line":293,"column":null}},"64":{"start":{"line":292,"column":18},"end":{"line":292,"column":58}},"65":{"start":{"line":292,"column":31},"end":{"line":292,"column":48}},"66":{"start":{"line":295,"column":4},"end":{"line":295,"column":null}},"67":{"start":{"line":308,"column":4},"end":{"line":308,"column":null}},"68":{"start":{"line":310,"column":4},"end":{"line":314,"column":null}},"69":{"start":{"line":311,"column":6},"end":{"line":313,"column":null}},"70":{"start":{"line":318,"column":20},"end":{"line":318,"column":null}},"71":{"start":{"line":319,"column":19},"end":{"line":319,"column":null}},"72":{"start":{"line":321,"column":25},"end":{"line":321,"column":null}},"73":{"start":{"line":323,"column":15},"end":{"line":323,"column":null}},"74":{"start":{"line":324,"column":6},"end":{"line":348,"column":null}},"75":{"start":{"line":325,"column":28},"end":{"line":325,"column":null}},"76":{"start":{"line":326,"column":8},"end":{"line":347,"column":null}},"77":{"start":{"line":327,"column":24},"end":{"line":327,"column":null}},"78":{"start":{"line":328,"column":10},"end":{"line":337,"column":null}},"79":{"start":{"line":328,"column":24},"end":{"line":328,"column":27}},"80":{"start":{"line":329,"column":31},"end":{"line":329,"column":null}},"81":{"start":{"line":330,"column":12},"end":{"line":336,"column":null}},"82":{"start":{"line":331,"column":14},"end":{"line":331,"column":null}},"83":{"start":{"line":332,"column":14},"end":{"line":332,"column":null}},"84":{"start":{"line":334,"column":14},"end":{"line":334,"column":null}},"85":{"start":{"line":335,"column":14},"end":{"line":335,"column":null}},"86":{"start":{"line":338,"column":10},"end":{"line":338,"column":null}},"87":{"start":{"line":339,"column":10},"end":{"line":339,"column":null}},"88":{"start":{"line":341,"column":10},"end":{"line":346,"column":null}},"89":{"start":{"line":342,"column":12},"end":{"line":346,"column":null}},"90":{"start":{"line":350,"column":17},"end":{"line":353,"column":null}},"91":{"start":{"line":353,"column":21},"end":{"line":353,"column":35}},"92":{"start":{"line":354,"column":18},"end":{"line":354,"column":null}},"93":{"start":{"line":354,"column":37},"end":{"line":354,"column":60}},"94":{"start":{"line":356,"column":4},"end":{"line":356,"column":null}},"95":{"start":{"line":364,"column":4},"end":{"line":364,"column":null}},"96":{"start":{"line":372,"column":4},"end":{"line":376,"column":null}},"97":{"start":{"line":373,"column":6},"end":{"line":375,"column":null}},"98":{"start":{"line":374,"column":8},"end":{"line":374,"column":null}},"99":{"start":{"line":384,"column":4},"end":{"line":384,"column":null}},"100":{"start":{"line":384,"column":37},"end":{"line":384,"column":74}},"101":{"start":{"line":392,"column":4},"end":{"line":392,"column":null}},"102":{"start":{"line":392,"column":37},"end":{"line":392,"column":74}},"103":{"start":{"line":400,"column":21},"end":{"line":400,"column":null}},"104":{"start":{"line":402,"column":16},"end":{"line":402,"column":null}},"105":{"start":{"line":402,"column":39},"end":{"line":402,"column":63}},"106":{"start":{"line":402,"column":53},"end":{"line":402,"column":62}},"107":{"start":{"line":403,"column":17},"end":{"line":403,"column":null}},"108":{"start":{"line":405,"column":4},"end":{"line":405,"column":null}},"109":{"start":{"line":407,"column":4},"end":{"line":407,"column":null}}},"fnMap":{"0":{"name":"tileFromChar","decl":{"start":{"line":21,"column":9},"end":{"line":21,"column":22}},"loc":{"start":{"line":21,"column":54},"end":{"line":42,"column":null}}},"1":{"name":"charFromTile","decl":{"start":{"line":50,"column":9},"end":{"line":50,"column":22}},"loc":{"start":{"line":50,"column":42},"end":{"line":57,"column":null}}},"2":{"name":"serialiseBlock","decl":{"start":{"line":71,"column":9},"end":{"line":71,"column":24}},"loc":{"start":{"line":71,"column":46},"end":{"line":78,"column":null}}},"3":{"name":"deserialiseBlock","decl":{"start":{"line":86,"column":9},"end":{"line":86,"column":26}},"loc":{"start":{"line":86,"column":58},"end":{"line":116,"column":null}}},"4":{"name":"tileArrayToBlockArray","decl":{"start":{"line":118,"column":9},"end":{"line":118,"column":31}},"loc":{"start":{"line":118,"column":65},"end":{"line":142,"column":null}}},"5":{"name":"(anonymous_5)","decl":{"start":{"line":124,"column":14},"end":{"line":124,"column":15}},"loc":{"start":{"line":124,"column":21},"end":{"line":137,"column":3}}},"6":{"name":"(anonymous_6)","decl":{"start":{"line":161,"column":2},"end":{"line":161,"column":14}},"loc":{"start":{"line":161,"column":31},"end":{"line":165,"column":null}}},"7":{"name":"(anonymous_7)","decl":{"start":{"line":175,"column":2},"end":{"line":175,"column":9}},"loc":{"start":{"line":175,"column":47},"end":{"line":195,"column":null}}},"8":{"name":"(anonymous_8)","decl":{"start":{"line":203,"column":2},"end":{"line":203,"column":9}},"loc":{"start":{"line":203,"column":43},"end":{"line":214,"column":null}}},"9":{"name":"(anonymous_9)","decl":{"start":{"line":206,"column":27},"end":{"line":206,"column":28}},"loc":{"start":{"line":207,"column":6},"end":{"line":210,"column":null}}},"10":{"name":"(anonymous_10)","decl":{"start":{"line":207,"column":15},"end":{"line":207,"column":16}},"loc":{"start":{"line":207,"column":23},"end":{"line":210,"column":8}}},"11":{"name":"(anonymous_11)","decl":{"start":{"line":234,"column":2},"end":{"line":234,"column":9}},"loc":{"start":{"line":234,"column":44},"end":{"line":245,"column":null}}},"12":{"name":"(anonymous_12)","decl":{"start":{"line":238,"column":11},"end":{"line":238,"column":12}},"loc":{"start":{"line":239,"column":8},"end":{"line":242,"column":null}}},"13":{"name":"(anonymous_13)","decl":{"start":{"line":242,"column":15},"end":{"line":242,"column":16}},"loc":{"start":{"line":242,"column":25},"end":{"line":242,"column":63}}},"14":{"name":"(anonymous_14)","decl":{"start":{"line":259,"column":2},"end":{"line":259,"column":21}},"loc":{"start":{"line":259,"column":21},"end":{"line":263,"column":null}}},"15":{"name":"(anonymous_15)","decl":{"start":{"line":261,"column":11},"end":{"line":261,"column":12}},"loc":{"start":{"line":261,"column":18},"end":{"line":261,"column":56}}},"16":{"name":"(anonymous_16)","decl":{"start":{"line":261,"column":24},"end":{"line":261,"column":25}},"loc":{"start":{"line":261,"column":31},"end":{"line":261,"column":46}}},"17":{"name":"(anonymous_17)","decl":{"start":{"line":290,"column":2},"end":{"line":290,"column":22}},"loc":{"start":{"line":290,"column":22},"end":{"line":296,"column":null}}},"18":{"name":"(anonymous_18)","decl":{"start":{"line":292,"column":11},"end":{"line":292,"column":12}},"loc":{"start":{"line":292,"column":18},"end":{"line":292,"column":58}}},"19":{"name":"(anonymous_19)","decl":{"start":{"line":292,"column":24},"end":{"line":292,"column":25}},"loc":{"start":{"line":292,"column":31},"end":{"line":292,"column":48}}},"20":{"name":"(anonymous_20)","decl":{"start":{"line":306,"column":2},"end":{"line":306,"column":9}},"loc":{"start":{"line":306,"column":45},"end":{"line":357,"column":null}}},"21":{"name":"parseRow","decl":{"start":{"line":317,"column":14},"end":{"line":317,"column":23}},"loc":{"start":{"line":317,"column":49},"end":{"line":349,"column":null}}},"22":{"name":"(anonymous_22)","decl":{"start":{"line":353,"column":14},"end":{"line":353,"column":15}},"loc":{"start":{"line":353,"column":21},"end":{"line":353,"column":35}}},"23":{"name":"(anonymous_23)","decl":{"start":{"line":354,"column":27},"end":{"line":354,"column":28}},"loc":{"start":{"line":354,"column":37},"end":{"line":354,"column":60}}},"24":{"name":"(anonymous_24)","decl":{"start":{"line":363,"column":2},"end":{"line":363,"column":19}},"loc":{"start":{"line":363,"column":19},"end":{"line":365,"column":null}}},"25":{"name":"(anonymous_25)","decl":{"start":{"line":371,"column":2},"end":{"line":371,"column":19}},"loc":{"start":{"line":371,"column":19},"end":{"line":377,"column":null}}},"26":{"name":"(anonymous_26)","decl":{"start":{"line":372,"column":26},"end":{"line":372,"column":27}},"loc":{"start":{"line":372,"column":36},"end":{"line":376,"column":5}}},"27":{"name":"(anonymous_27)","decl":{"start":{"line":373,"column":19},"end":{"line":373,"column":20}},"loc":{"start":{"line":373,"column":29},"end":{"line":375,"column":7}}},"28":{"name":"(anonymous_28)","decl":{"start":{"line":383,"column":2},"end":{"line":383,"column":25}},"loc":{"start":{"line":383,"column":25},"end":{"line":385,"column":null}}},"29":{"name":"(anonymous_29)","decl":{"start":{"line":384,"column":27},"end":{"line":384,"column":28}},"loc":{"start":{"line":384,"column":37},"end":{"line":384,"column":74}}},"30":{"name":"(anonymous_30)","decl":{"start":{"line":391,"column":2},"end":{"line":391,"column":25}},"loc":{"start":{"line":391,"column":25},"end":{"line":393,"column":null}}},"31":{"name":"(anonymous_31)","decl":{"start":{"line":392,"column":27},"end":{"line":392,"column":28}},"loc":{"start":{"line":392,"column":37},"end":{"line":392,"column":74}}},"32":{"name":"(anonymous_32)","decl":{"start":{"line":399,"column":2},"end":{"line":399,"column":13}},"loc":{"start":{"line":399,"column":58},"end":{"line":408,"column":null}}},"33":{"name":"(anonymous_33)","decl":{"start":{"line":402,"column":32},"end":{"line":402,"column":33}},"loc":{"start":{"line":402,"column":39},"end":{"line":402,"column":63}}},"34":{"name":"(anonymous_34)","decl":{"start":{"line":402,"column":45},"end":{"line":402,"column":46}},"loc":{"start":{"line":402,"column":53},"end":{"line":402,"column":62}}}},"branchMap":{"0":{"loc":{"start":{"line":23,"column":2},"end":{"line":27,"column":null}},"type":"if","locations":[{"start":{"line":23,"column":2},"end":{"line":27,"column":null}},{"start":{},"end":{}}]},"1":{"loc":{"start":{"line":32,"column":2},"end":{"line":41,"column":null}},"type":"switch","locations":[{"start":{"line":33,"column":4},"end":{"line":34,"column":null}},{"start":{"line":35,"column":4},"end":{"line":36,"column":null}},{"start":{"line":37,"column":4},"end":{"line":40,"column":null}}]},"2":{"loc":{"start":{"line":51,"column":2},"end":{"line":56,"column":null}},"type":"switch","locations":[{"start":{"line":52,"column":4},"end":{"line":53,"column":null}},{"start":{"line":54,"column":4},"end":{"line":55,"column":null}}]},"3":{"loc":{"start":{"line":72,"column":2},"end":{"line":77,"column":null}},"type":"switch","locations":[{"start":{"line":73,"column":4},"end":{"line":74,"column":null}},{"start":{"line":75,"column":4},"end":{"line":76,"column":null}}]},"4":{"loc":{"start":{"line":88,"column":2},"end":{"line":92,"column":null}},"type":"if","locations":[{"start":{"line":88,"column":2},"end":{"line":92,"column":null}},{"start":{},"end":{}}]},"5":{"loc":{"start":{"line":95,"column":2},"end":{"line":106,"column":null}},"type":"switch","locations":[{"start":{"line":96,"column":4},"end":{"line":98,"column":null}},{"start":{"line":99,"column":4},"end":{"line":101,"column":null}},{"start":{"line":102,"column":4},"end":{"line":105,"column":null}}]},"6":{"loc":{"start":{"line":109,"column":2},"end":{"line":113,"column":null}},"type":"if","locations":[{"start":{"line":109,"column":2},"end":{"line":113,"column":null}},{"start":{},"end":{}}]},"7":{"loc":{"start":{"line":125,"column":4},"end":{"line":136,"column":null}},"type":"if","locations":[{"start":{"line":125,"column":4},"end":{"line":136,"column":null}},{"start":{"line":129,"column":4},"end":{"line":136,"column":null}}]},"8":{"loc":{"start":{"line":129,"column":4},"end":{"line":136,"column":null}},"type":"if","locations":[{"start":{"line":129,"column":4},"end":{"line":136,"column":null}},{"start":{"line":134,"column":11},"end":{"line":136,"column":null}}]},"9":{"loc":{"start":{"line":138,"column":2},"end":{"line":140,"column":null}},"type":"if","locations":[{"start":{"line":138,"column":2},"end":{"line":140,"column":null}},{"start":{},"end":{}}]},"10":{"loc":{"start":{"line":179,"column":4},"end":{"line":184,"column":null}},"type":"if","locations":[{"start":{"line":179,"column":4},"end":{"line":184,"column":null}},{"start":{"line":182,"column":11},"end":{"line":184,"column":null}}]},"11":{"loc":{"start":{"line":187,"column":6},"end":{"line":193,"column":null}},"type":"if","locations":[{"start":{"line":187,"column":6},"end":{"line":193,"column":null}},{"start":{},"end":{}}]},"12":{"loc":{"start":{"line":310,"column":4},"end":{"line":314,"column":null}},"type":"if","locations":[{"start":{"line":310,"column":4},"end":{"line":314,"column":null}},{"start":{},"end":{}}]},"13":{"loc":{"start":{"line":330,"column":12},"end":{"line":336,"column":null}},"type":"if","locations":[{"start":{"line":330,"column":12},"end":{"line":336,"column":null}},{"start":{"line":333,"column":19},"end":{"line":336,"column":null}}]},"14":{"loc":{"start":{"line":330,"column":16},"end":{"line":330,"column":69}},"type":"binary-expr","locations":[{"start":{"line":330,"column":16},"end":{"line":330,"column":46}},{"start":{"line":330,"column":46},"end":{"line":330,"column":69}}]},"15":{"loc":{"start":{"line":341,"column":10},"end":{"line":346,"column":null}},"type":"if","locations":[{"start":{"line":341,"column":10},"end":{"line":346,"column":null}},{"start":{},"end":{}}]},"16":{"loc":{"start":{"line":405,"column":35},"end":{"line":405,"column":78}},"type":"cond-expr","locations":[{"start":{"line":405,"column":59},"end":{"line":405,"column":70}},{"start":{"line":405,"column":70},"end":{"line":405,"column":78}}]}},"s":{"0":201,"1":0,"2":201,"3":201,"4":52,"5":148,"6":1,"7":50,"8":10,"9":40,"10":18,"11":10,"12":8,"13":24,"14":24,"15":1,"16":23,"17":11,"18":11,"19":11,"20":11,"21":1,"22":22,"23":22,"24":1,"25":21,"26":26,"27":26,"28":26,"29":26,"30":118,"31":26,"32":26,"33":92,"34":22,"35":22,"36":22,"37":70,"38":26,"39":26,"40":0,"41":15,"42":15,"43":15,"44":16,"45":0,"46":0,"47":16,"48":16,"49":60,"50":1,"51":2,"52":2,"53":6,"54":18,"55":2,"56":9,"57":41,"58":201,"59":8,"60":2,"61":10,"62":50,"63":2,"64":10,"65":18,"66":2,"67":5,"68":5,"69":0,"70":13,"71":13,"72":13,"73":13,"74":13,"75":24,"76":24,"77":24,"78":21,"79":21,"80":62,"81":62,"82":52,"83":52,"84":10,"85":10,"86":11,"87":11,"88":3,"89":3,"90":5,"91":18,"92":5,"93":13,"94":2,"95":13,"96":3,"97":10,"98":50,"99":6,"100":21,"101":2,"102":5,"103":1,"104":1,"105":3,"106":9,"107":1,"108":1,"109":1},"f":{"0":201,"1":50,"2":18,"3":24,"4":26,"5":118,"6":15,"7":16,"8":2,"9":6,"10":18,"11":9,"12":41,"13":201,"14":2,"15":10,"16":50,"17":2,"18":10,"19":18,"20":5,"21":13,"22":18,"23":13,"24":13,"25":3,"26":10,"27":50,"28":6,"29":21,"30":2,"31":5,"32":1,"33":3,"34":9},"b":{"0":[0,201],"1":[52,148,1],"2":[10,40],"3":[10,8],"4":[1,23],"5":[11,11,1],"6":[1,21],"7":[26,92],"8":[22,70],"9":[26,0],"10":[0,16],"11":[1,59],"12":[0,5],"13":[52,10],"14":[62,22],"15":[3,0],"16":[1,0]}}
,"/home/alex/code/ratogram/src/data/gram/errors.ts": {"path":"/home/alex/code/ratogram/src/data/gram/errors.ts","statementMap":{"0":{"start":{"line":3,"column":6},"end":{"line":3,"column":null}},"1":{"start":{"line":4,"column":6},"end":{"line":4,"column":null}},"2":{"start":{"line":10,"column":4},"end":{"line":10,"column":null}},"3":{"start":{"line":11,"column":4},"end":{"line":11,"column":null}},"4":{"start":{"line":17,"column":4},"end":{"line":17,"column":null}},"5":{"start":{"line":18,"column":4},"end":{"line":18,"column":null}}},"fnMap":{"0":{"name":"(anonymous_0)","decl":{"start":{"line":2,"column":4},"end":{"line":2,"column":16}},"loc":{"start":{"line":2,"column":33},"end":{"line":5,"column":null}}},"1":{"name":"(anonymous_1)","decl":{"start":{"line":9,"column":2},"end":{"line":9,"column":14}},"loc":{"start":{"line":9,"column":31},"end":{"line":12,"column":null}}},"2":{"name":"(anonymous_2)","decl":{"start":{"line":16,"column":2},"end":{"line":16,"column":14}},"loc":{"start":{"line":16,"column":31},"end":{"line":19,"column":null}}}},"branchMap":{},"s":{"0":0,"1":0,"2":0,"3":0,"4":8,"5":8},"f":{"0":0,"1":0,"2":8},"b":{}}
,"/home/alex/code/ratogram/src/data/gram/index.ts": {"path":"/home/alex/code/ratogram/src/data/gram/index.ts","statementMap":{"0":{"start":{"line":12,"column":4},"end":{"line":12,"column":null}},"1":{"start":{"line":16,"column":4},"end":{"line":18,"column":null}},"2":{"start":{"line":17,"column":6},"end":{"line":17,"column":null}},"3":{"start":{"line":21,"column":4},"end":{"line":25,"column":null}},"4":{"start":{"line":22,"column":6},"end":{"line":24,"column":null}},"5":{"start":{"line":29,"column":4},"end":{"line":29,"column":null}},"6":{"start":{"line":29,"column":42},"end":{"line":29,"column":58}},"7":{"start":{"line":38,"column":23},"end":{"line":40,"column":null}},"8":{"start":{"line":39,"column":6},"end":{"line":39,"column":null}},"9":{"start":{"line":39,"column":28},"end":{"line":39,"column":44}},"10":{"start":{"line":42,"column":14},"end":{"line":44,"column":null}},"11":{"start":{"line":43,"column":6},"end":{"line":43,"column":null}},"12":{"start":{"line":45,"column":14},"end":{"line":45,"column":null}},"13":{"start":{"line":48,"column":4},"end":{"line":48,"column":null}},"14":{"start":{"line":48,"column":17},"end":{"line":48,"column":null}},"15":{"start":{"line":50,"column":21},"end":{"line":50,"column":null}},"16":{"start":{"line":50,"column":46},"end":{"line":50,"column":65}},"17":{"start":{"line":53,"column":4},"end":{"line":53,"column":null}},"18":{"start":{"line":53,"column":19},"end":{"line":53,"column":null}},"19":{"start":{"line":57,"column":4},"end":{"line":57,"column":null}},"20":{"start":{"line":58,"column":4},"end":{"line":58,"column":null}}},"fnMap":{"0":{"name":"(anonymous_0)","decl":{"start":{"line":11,"column":2},"end":{"line":11,"column":14}},"loc":{"start":{"line":11,"column":32},"end":{"line":13,"column":null}}},"1":{"name":"(anonymous_1)","decl":{"start":{"line":15,"column":2},"end":{"line":15,"column":9}},"loc":{"start":{"line":15,"column":64},"end":{"line":26,"column":null}}},"2":{"name":"(anonymous_2)","decl":{"start":{"line":28,"column":2},"end":{"line":28,"column":6}},"loc":{"start":{"line":28,"column":15},"end":{"line":30,"column":null}}},"3":{"name":"(anonymous_3)","decl":{"start":{"line":29,"column":30},"end":{"line":29,"column":31}},"loc":{"start":{"line":29,"column":42},"end":{"line":29,"column":58}}},"4":{"name":"(anonymous_4)","decl":{"start":{"line":37,"column":2},"end":{"line":37,"column":14}},"loc":{"start":{"line":37,"column":37},"end":{"line":59,"column":null}}},"5":{"name":"(anonymous_5)","decl":{"start":{"line":38,"column":37},"end":{"line":38,"column":38}},"loc":{"start":{"line":39,"column":6},"end":{"line":39,"column":null}}},"6":{"name":"(anonymous_6)","decl":{"start":{"line":39,"column":16},"end":{"line":39,"column":17}},"loc":{"start":{"line":39,"column":28},"end":{"line":39,"column":44}}},"7":{"name":"(anonymous_7)","decl":{"start":{"line":42,"column":32},"end":{"line":42,"column":33}},"loc":{"start":{"line":42,"column":45},"end":{"line":44,"column":7}}},"8":{"name":"(anonymous_8)","decl":{"start":{"line":50,"column":38},"end":{"line":50,"column":39}},"loc":{"start":{"line":50,"column":46},"end":{"line":50,"column":65}}}},"branchMap":{"0":{"loc":{"start":{"line":16,"column":4},"end":{"line":18,"column":null}},"type":"if","locations":[{"start":{"line":16,"column":4},"end":{"line":18,"column":null}},{"start":{},"end":{}}]},"1":{"loc":{"start":{"line":21,"column":4},"end":{"line":25,"column":null}},"type":"if","locations":[{"start":{"line":21,"column":4},"end":{"line":25,"column":null}},{"start":{},"end":{}}]},"2":{"loc":{"start":{"line":48,"column":4},"end":{"line":48,"column":null}},"type":"if","locations":[{"start":{"line":48,"column":4},"end":{"line":48,"column":null}},{"start":{},"end":{}}]},"3":{"loc":{"start":{"line":53,"column":4},"end":{"line":53,"column":null}},"type":"if","locations":[{"start":{"line":53,"column":4},"end":{"line":53,"column":null}},{"start":{},"end":{}}]}},"s":{"0":0,"1":0,"2":0,"3":0,"4":0,"5":0,"6":0,"7":0,"8":0,"9":0,"10":0,"11":0,"12":0,"13":0,"14":0,"15":0,"16":0,"17":0,"18":0,"19":0,"20":0},"f":{"0":0,"1":0,"2":0,"3":0,"4":0,"5":0,"6":0,"7":0,"8":0},"b":{"0":[0,0],"1":[0,0],"2":[0,0],"3":[0,0]}}
}
